<?xml version="1.0" encoding="UTF-8"?>
<!-- Generated by org.testng.reporters.JUnitXMLReporter -->
<testsuite ignored="0" hostname="LAPTOP-274IQSMN" failures="0" tests="54" name="Test" time="20.394" errors="0" timestamp="2022-02-08T15:20:42 EST">
  <testcase classname="LMSAPI.getrequests" name="getProgramById" time="1.447"/>
  <testcase classname="LMSAPI.getrequests" name="getProgramById" time="0.262"/>
  <testcase classname="LMSAPI.getrequests" name="getProgramById" time="0.263"/>
  <testcase classname="LMSAPI.getrequests" name="getProgramById" time="0.278"/>
  <testcase classname="LMSAPI.getrequests" name="getProgramById" time="0.271"/>
  <testcase classname="LMSAPI.getrequests" name="getProgramById" time="0.268"/>
  <testcase classname="LMSAPI.getrequests" name="test_get1" time="0.29"/>
  <testcase classname="LMSAPI.getrequests" name="test_get2" time="0.134"/>
  <testcase classname="LMSAPI.postrequests" name="postprogram" time="0.461"/>
  <testcase classname="LMSAPI.postrequests" name="postprogram" time="0.287"/>
  <testcase classname="LMSAPI.postrequests" name="postprogram" time="0.27"/>
  <testcase classname="LMSAPI.postrequests" name="postprogram" time="0.248"/>
  <testcase classname="LMSAPI.postrequests" name="postprogram" time="0.259"/>
  <testcase classname="LMSAPI.postrequests" name="postprogram" time="0.268"/>
  <testcase classname="LMSAPI.postrequests" name="postprogram" time="0.251"/>
  <testcase classname="LMSAPI.putrequests" name="putprogram" time="0.934"/>
  <testcase classname="LMSAPI.putrequests" name="putprogram" time="0.519"/>
  <testcase classname="LMSAPI.putrequests" name="putprogram" time="0.5"/>
  <testcase classname="LMSAPI.putrequests" name="putprogram" time="0.526"/>
  <testcase classname="LMSAPI.putrequests" name="putprogram" time="0.538"/>
  <testcase classname="LMSAPI.putrequests" name="putprogram" time="0.546"/>
  <testcase classname="LMSAPI.putrequests" name="putprogram" time="0.525"/>
  <testcase classname="LMSAPI.deleterequests" name="test_delete" time="0.268"/>
  <testcase classname="LMSAPI.deleterequests" name="test_delete" time="0.256"/>
  <testcase classname="LMSAPI.deleterequests" name="test_delete" time="0.253"/>
  <testcase classname="LMSAPI.deleterequests" name="test_delete" time="0.273"/>
  <testcase classname="LMSAPI.deleterequests" name="test_delete" time="0.245"/>
  <testcase classname="LMSAPI.deleterequests" name="test_delete" time="0.253"/>
  <testcase classname="JobsAPI.getrequests" name="test_get" time="0.156"/>
  <testcase classname="JobsAPI.getrequests" name="test_get1" time="0.276"/>
  <testcase classname="JobsAPI.postrequests" name="test_post" time="0.139"/>
  <testcase classname="JobsAPI.postrequests" name="test_post" time="0.154"/>
  <testcase classname="JobsAPI.postrequests" name="test_post" time="0.241"/>
  <testcase classname="JobsAPI.postrequests" name="test_post" time="0.273"/>
  <testcase classname="JobsAPI.postrequests" name="test_post" time="0.225"/>
  <testcase classname="JobsAPI.postrequests" name="test_post" time="0.206"/>
  <testcase classname="JobsAPI.postrequests" name="test_post" time="0.247"/>
  <testcase classname="JobsAPI.postrequests" name="test_post" time="0.226"/>
  <testcase classname="JobsAPI.putrequests" name="test_put" time="0.566"/>
  <testcase classname="JobsAPI.putrequests" name="test_put" time="0.468"/>
  <testcase classname="JobsAPI.putrequests" name="test_put" time="0.618"/>
  <testcase classname="JobsAPI.putrequests" name="test_put" time="0.298"/>
  <testcase classname="JobsAPI.putrequests" name="test_put" time="0.271"/>
  <testcase classname="JobsAPI.putrequests" name="test_put" time="0.292"/>
  <testcase classname="JobsAPI.putrequests" name="test_put" time="0.303"/>
  <testcase classname="JobsAPI.putrequests" name="test_put" time="0.295"/>
  <testcase classname="JobsAPI.deleterequest" name="test_delete" time="0.151"/>
  <testcase classname="JobsAPI.deleterequest" name="test_delete" time="0.143"/>
  <testcase classname="JobsAPI.deleterequest" name="test_delete" time="0.141"/>
  <testcase classname="JobsAPI.deleterequest" name="test_delete" time="0.15"/>
  <testcase classname="JobsAPI.deleterequest" name="test_delete" time="0.153"/>
  <testcase classname="JobsAPI.deleterequest" name="test_delete" time="0.137"/>
  <testcase classname="JobsAPI.deleterequest" name="test_delete" time="0.141"/>
  <testcase classname="JobsAPI.deleterequest" name="test_delete" time="0.14"/>
</testsuite> <!-- Test -->
