<?xml version="1.0" encoding="UTF-8"?>
<!-- Generated by org.testng.reporters.JUnitReportReporter -->
<testsuite hostname="LAPTOP-274IQSMN" failures="0" tests="6" name="LMSAPI.deleterequests" time="3.033" errors="0" timestamp="2022-02-18T13:25:00 EST" skipped="0">
  <testcase classname="LMSAPI.deleterequests" name="test_delete" time="0.303"/>
  <system-out>
    <![CDATA[Delete details for program id[Ljava.lang.String;@28d739f1
JSON path Validation is successful]]>
  </system-out>
  <testcase classname="LMSAPI.deleterequests" name="test_delete" time="0.316"/>
  <system-out>
    <![CDATA[Delete details for program id[Ljava.lang.String;@563ccd31
JSON path Validation is successful]]>
  </system-out>
  <testcase classname="LMSAPI.deleterequests" name="test_delete" time="0.308"/>
  <system-out>
    <![CDATA[Delete details for program id[Ljava.lang.String;@6a09484c
JSON path Validation is successful]]>
  </system-out>
  <testcase classname="LMSAPI.deleterequests" name="test_delete" time="0.296"/>
  <system-out>
    <![CDATA[Delete details for program id[Ljava.lang.String;@63d677f5
JSON path Validation is successful]]>
  </system-out>
  <testcase classname="LMSAPI.deleterequests" name="test_delete" time="1.471"/>
  <system-out>
    <![CDATA[Delete details for program id[Ljava.lang.String;@4189d70b
JSON path Validation is successful]]>
  </system-out>
  <testcase classname="LMSAPI.deleterequests" name="test_delete" time="0.339"/>
  <system-out>
    <![CDATA[Delete details for program id[Ljava.lang.String;@46394f65
JSON path Validation is successful]]>
  </system-out>
</testsuite> <!-- LMSAPI.deleterequests -->
