<?xml version="1.0" encoding="UTF-8"?>
<!-- Generated by org.testng.reporters.JUnitReportReporter -->
<testsuite hostname="LAPTOP-274IQSMN" failures="0" tests="9" name="JobsAPI.puttest" time="3.864" errors="0" timestamp="2022-01-26T12:27:01 EST" skipped="0">
  <testcase classname="JobsAPI.puttest" name="test_put" time="0.269"/>
  <system-out/>
  <testcase classname="JobsAPI.puttest" name="test_put" time="0.305"/>
  <system-out/>
  <testcase classname="JobsAPI.puttest" name="test_put" time="0.282"/>
  <system-out/>
  <testcase classname="JobsAPI.puttest" name="test_put" time="0.347"/>
  <system-out/>
  <testcase classname="JobsAPI.puttest" name="test_put" time="0.294"/>
  <system-out/>
  <testcase classname="JobsAPI.puttest" name="test_put" time="0.280"/>
  <system-out/>
  <testcase classname="JobsAPI.puttest" name="test_put" time="0.307"/>
  <system-out/>
  <testcase classname="JobsAPI.puttest" name="test_put" time="0.300"/>
  <system-out/>
  <testcase classname="JobsAPI.puttest" name="test_put" time="1.480"/>
  <system-out/>
</testsuite> <!-- JobsAPI.puttest -->
