<?xml version="1.0" encoding="UTF-8"?>
<!-- Generated by org.testng.reporters.JUnitReportReporter -->
<testsuite hostname="LAPTOP-274IQSMN" failures="0" tests="7" name="LMSAPI.postrequests" time="3.811" errors="0" timestamp="2022-02-23T09:51:20 EST" skipped="0">
  <testcase classname="LMSAPI.postrequests" name="postprogram" time="1.899"/>
  <system-out>
    <![CDATA[Get details from postprogram:5000
JSON Body Validation is successful]]>
  </system-out>
  <testcase classname="LMSAPI.postrequests" name="postprogram" time="0.321"/>
  <system-out>
    <![CDATA[Get details from postprogram:5001
JSON Body Validation is successful]]>
  </system-out>
  <testcase classname="LMSAPI.postrequests" name="postprogram" time="0.324"/>
  <system-out>
    <![CDATA[Get details from postprogram:5004
JSON Body Validation is successful]]>
  </system-out>
  <testcase classname="LMSAPI.postrequests" name="postprogram" time="0.298"/>
  <system-out>
    <![CDATA[Get details from postprogram:5005
JSON Body Validation is successful]]>
  </system-out>
  <testcase classname="LMSAPI.postrequests" name="postprogram" time="0.309"/>
  <system-out>
    <![CDATA[Get details from postprogram:5002
JSON Body Validation is successful]]>
  </system-out>
  <testcase classname="LMSAPI.postrequests" name="postprogram" time="0.312"/>
  <system-out>
    <![CDATA[Get details from postprogram:5003
JSON Body Validation is successful]]>
  </system-out>
  <testcase classname="LMSAPI.postrequests" name="postprogram" time="0.348"/>
  <system-out>
    <![CDATA[Get details from postprogram:5006
JSON Body Validation is successful]]>
  </system-out>
</testsuite> <!-- LMSAPI.postrequests -->
