<?xml version="1.0" encoding="UTF-8"?>
<!-- Generated by org.testng.reporters.JUnitReportReporter -->
<testsuite hostname="LAPTOP-274IQSMN" failures="0" tests="6" name="LMSAPI.getprogramtest" time="2.818" errors="0" timestamp="2022-01-22T21:00:00 EST" skipped="0">
  <testcase classname="LMSAPI.getprogramtest" name="getProgramById" time="0.269"/>
  <system-out>
    <![CDATA[Get program details from programs Api for program id[Ljava.lang.String;@1ff15a50]]>
  </system-out>
  <testcase classname="LMSAPI.getprogramtest" name="getProgramById" time="0.299"/>
  <system-out>
    <![CDATA[Get program details from programs Api for program id[Ljava.lang.String;@2a02e34b]]>
  </system-out>
  <testcase classname="LMSAPI.getprogramtest" name="getProgramById" time="1.423"/>
  <system-out>
    <![CDATA[Get program details from programs Api for program id[Ljava.lang.String;@1c6804cd]]>
  </system-out>
  <testcase classname="LMSAPI.getprogramtest" name="getProgramById" time="0.277"/>
  <system-out>
    <![CDATA[Get program details from programs Api for program id[Ljava.lang.String;@3fbe503c]]>
  </system-out>
  <testcase classname="LMSAPI.getprogramtest" name="getProgramById" time="0.266"/>
  <system-out>
    <![CDATA[Get program details from programs Api for program id[Ljava.lang.String;@72543547]]>
  </system-out>
  <testcase classname="LMSAPI.getprogramtest" name="getProgramById" time="0.284"/>
  <system-out>
    <![CDATA[Get program details from programs Api for program id[Ljava.lang.String;@4684240f]]>
  </system-out>
</testsuite> <!-- LMSAPI.getprogramtest -->
