<?xml version="1.0" encoding="UTF-8"?>
<!-- Generated by org.testng.reporters.JUnitReportReporter -->
<testsuite hostname="LAPTOP-274IQSMN" failures="0" tests="8" name="JobsAPI.deleterequest" time="2.303" errors="0" timestamp="2022-02-23T14:43:50 EST" skipped="0">
  <testcase classname="JobsAPI.deleterequest" name="test_delete" time="0.153"/>
  <system-out>
    <![CDATA[Delete details [Ljava.lang.String;@45843650]]>
  </system-out>
  <testcase classname="JobsAPI.deleterequest" name="test_delete" time="1.140"/>
  <system-out>
    <![CDATA[Delete details [Ljava.lang.String;@44e3760b]]>
  </system-out>
  <testcase classname="JobsAPI.deleterequest" name="test_delete" time="0.172"/>
  <system-out>
    <![CDATA[Delete details [Ljava.lang.String;@667dcaad]]>
  </system-out>
  <testcase classname="JobsAPI.deleterequest" name="test_delete" time="0.190"/>
  <system-out>
    <![CDATA[Delete details [Ljava.lang.String;@776015fc]]>
  </system-out>
  <testcase classname="JobsAPI.deleterequest" name="test_delete" time="0.149"/>
  <system-out>
    <![CDATA[Delete details [Ljava.lang.String;@3cc79c02]]>
  </system-out>
  <testcase classname="JobsAPI.deleterequest" name="test_delete" time="0.178"/>
  <system-out>
    <![CDATA[Delete details [Ljava.lang.String;@5a058be5]]>
  </system-out>
  <testcase classname="JobsAPI.deleterequest" name="test_delete" time="0.165"/>
  <system-out>
    <![CDATA[Delete details [Ljava.lang.String;@3c952a33]]>
  </system-out>
  <testcase classname="JobsAPI.deleterequest" name="test_delete" time="0.156"/>
  <system-out>
    <![CDATA[Delete details [Ljava.lang.String;@19b02dfd]]>
  </system-out>
</testsuite> <!-- JobsAPI.deleterequest -->
