<?xml version="1.0" encoding="UTF-8"?>
<!-- Generated by org.testng.reporters.JUnitReportReporter -->
<testsuite hostname="LAPTOP-274IQSMN" failures="0" tests="3" name="JobsAPI.deletetest" time="1.788" errors="0" timestamp="2022-01-27T13:34:48 EST" skipped="0">
  <testcase classname="JobsAPI.deletetest" name="test_delete" time="0.144"/>
  <system-out>
    <![CDATA[Delete details [Ljava.lang.String;@21c747a]]>
  </system-out>
  <testcase classname="JobsAPI.deletetest" name="test_delete" time="0.168"/>
  <system-out>
    <![CDATA[Delete details [Ljava.lang.String;@6baf25d7]]>
  </system-out>
  <testcase classname="JobsAPI.deletetest" name="test_delete" time="1.476"/>
  <system-out>
    <![CDATA[Delete details [Ljava.lang.String;@bff34c6]]>
  </system-out>
</testsuite> <!-- JobsAPI.deletetest -->
