<?xml version="1.0" encoding="UTF-8"?>
<!-- Generated by org.testng.reporters.JUnitReportReporter -->
<testsuite hostname="LAPTOP-274IQSMN" failures="0" tests="3" name="LMSAPI.getrequests" time="3.246" errors="0" timestamp="2022-02-23T11:16:09 EST" skipped="0">
  <testcase classname="LMSAPI.getrequests" name="getProgramById" time="1.843"/>
  <system-out>
    <![CDATA[Get program details from programs Api for program id[Ljava.lang.String;@31aa3ca5
JSON Body Validation is successful]]>
  </system-out>
  <testcase classname="LMSAPI.getrequests" name="test_get1" time="1.257"/>
  <system-out/>
  <testcase classname="LMSAPI.getrequests" name="test_get2" time="0.146"/>
  <system-out/>
</testsuite> <!-- LMSAPI.getrequests -->
