<?xml version="1.0" encoding="UTF-8"?>
<!-- Generated by org.testng.reporters.JUnitReportReporter -->
<testsuite hostname="LAPTOP-274IQSMN" failures="0" tests="7" name="LMSAPI.putrequests" time="5.752" errors="0" timestamp="2022-02-23T09:53:36 EST" skipped="0">
  <testcase classname="LMSAPI.putrequests" name="putprogram" time="0.577"/>
  <system-out>
    <![CDATA[update program details:Cucumber
ProgramId received from Response 5006
JSON Body Validation is successful]]>
  </system-out>
  <testcase classname="LMSAPI.putrequests" name="putprogram" time="0.649"/>
  <system-out>
    <![CDATA[update program details:Cypress
ProgramId received from Response 5003
JSON Body Validation is successful]]>
  </system-out>
  <testcase classname="LMSAPI.putrequests" name="putprogram" time="2.206"/>
  <system-out>
    <![CDATA[update program details:Selenium
ProgramId received from Response 5000
JSON Body Validation is successful]]>
  </system-out>
  <testcase classname="LMSAPI.putrequests" name="putprogram" time="0.582"/>
  <system-out>
    <![CDATA[update program details:Csharp
ProgramId received from Response 10361
JSON Body Validation is successful]]>
  </system-out>
  <testcase classname="LMSAPI.putrequests" name="putprogram" time="0.547"/>
  <system-out>
    <![CDATA[update program details:CoralDraw
ProgramId received from Response 5004
JSON Body Validation is successful]]>
  </system-out>
  <testcase classname="LMSAPI.putrequests" name="putprogram" time="0.592"/>
  <system-out>
    <![CDATA[update program details:Java
ProgramId received from Response 5001
JSON Body Validation is successful]]>
  </system-out>
  <testcase classname="LMSAPI.putrequests" name="putprogram" time="0.599"/>
  <system-out>
    <![CDATA[update program details:Adobe Reader
ProgramId received from Response 5005
JSON Body Validation is successful]]>
  </system-out>
</testsuite> <!-- LMSAPI.putrequests -->
