<?xml version="1.0" encoding="UTF-8"?>
<!-- Generated by org.testng.reporters.JUnitReportReporter -->
<testsuite hostname="LAPTOP-274IQSMN" failures="0" tests="8" name="JobsAPI.putrequests" time="3.111" errors="0" timestamp="2022-02-08T15:20:42 EST" skipped="0">
  <testcase classname="JobsAPI.putrequests" name="test_put" time="0.271"/>
  <system-out/>
  <testcase classname="JobsAPI.putrequests" name="test_put" time="0.298"/>
  <system-out/>
  <testcase classname="JobsAPI.putrequests" name="test_put" time="0.303"/>
  <system-out/>
  <testcase classname="JobsAPI.putrequests" name="test_put" time="0.295"/>
  <system-out/>
  <testcase classname="JobsAPI.putrequests" name="test_put" time="0.566"/>
  <system-out/>
  <testcase classname="JobsAPI.putrequests" name="test_put" time="0.292"/>
  <system-out/>
  <testcase classname="JobsAPI.putrequests" name="test_put" time="0.468"/>
  <system-out/>
  <testcase classname="JobsAPI.putrequests" name="test_put" time="0.618"/>
  <system-out/>
</testsuite> <!-- JobsAPI.putrequests -->
